{"message":[{"value":"gangulyprateek0","msg":"Please Enter a valid Email","param":"email","location":"body"}],"level":"error","timestamp":"2020-07-27T17:01:41.456Z"}
{"message":[{"value":"gangulyprateek0@gmail.com","msg":"E-mail already exists, try something else.","param":"email","location":"body"}],"level":"error","timestamp":"2020-07-27T17:02:59.084Z"}
{"message":"An error occured in saving facebook data for use with profile [object Object]","level":"error","timestamp":"2020-07-28T08:03:47.581Z"}
{"message":"An error occured in saving facebook data for use with profile [object Object]","level":"error","timestamp":"2020-07-28T08:05:45.819Z"}
{"message":"An error occured in saving facebook data for use with profile [object Object]","level":"error","timestamp":"2020-07-28T08:16:24.958Z"}
{"message":"An error occured in saving facebook data for use with profile [object Object]","level":"error","timestamp":"2020-07-28T08:17:41.898Z"}
{"message":"An error occured in saving facebook data for use with profile [object Object]","level":"error","timestamp":"2020-07-28T08:25:10.611Z"}
{"message":"An error occured in saving facebook data for use with profile [object Object]","level":"error","timestamp":"2020-07-28T08:25:43.842Z"}
{"message":"An error occured in saving facebook data for use with profile [object Object]","level":"error","timestamp":"2020-07-28T08:29:45.745Z"}
{"message":"An error occured in saving facebook data for use with profile [object Object]","level":"error","timestamp":"2020-07-28T08:29:56.892Z"}
{"message":"An error occured in saving facebook data for use with profile [object Object]","level":"error","timestamp":"2020-07-28T09:59:35.440Z"}
{"message":[{"msg":"Please Enter a valid Email","param":"email","location":"body"},{"msg":"E-mail already exists, try something else.","param":"email","location":"body"}],"level":"error","timestamp":"2020-08-08T07:37:49.281Z"}
{"message":[{"msg":"Please Enter a valid Email","param":"email","location":"body"},{"msg":"E-mail already exists, try something else.","param":"email","location":"body"}],"level":"error","timestamp":"2020-08-08T07:39:18.714Z"}
{"message":[{"msg":"Please Enter a valid Email","param":"email","location":"body"},{"msg":"E-mail already exists, try something else.","param":"email","location":"body"}],"level":"error","timestamp":"2020-08-08T07:39:56.318Z"}
{"message":[{"msg":"Please Enter a valid Email","param":"email","location":"body"},{"msg":"E-mail already exists, try something else.","param":"email","location":"body"}],"level":"error","timestamp":"2020-08-08T07:41:55.541Z"}
{"message":[{"msg":"Please Enter a valid Email","param":"email","location":"body"},{"msg":"E-mail already exists, try something else.","param":"email","location":"body"}],"level":"error","timestamp":"2020-08-08T07:42:52.508Z"}
{"message":[{"msg":"Please Enter a valid Email","param":"email","location":"body"},{"msg":"E-mail already exists, try something else.","param":"email","location":"body"}],"level":"error","timestamp":"2020-08-08T07:44:09.305Z"}
{"message":[{"msg":"Please Enter a valid Email","param":"email","location":"body"},{"msg":"E-mail already exists, try something else.","param":"email","location":"body"}],"level":"error","timestamp":"2020-08-08T07:47:47.700Z"}
{"message":[{"msg":"Please Enter a valid Email","param":"email","location":"body"}],"level":"error","timestamp":"2020-08-08T07:49:08.886Z"}
{"message":[{"msg":"Please Enter a valid Email","param":"email","location":"body"}],"level":"error","timestamp":"2020-08-08T07:49:21.409Z"}
{"message":[{"msg":"Please Enter a valid Email","param":"email","location":"body"}],"level":"error","timestamp":"2020-08-08T07:51:39.354Z"}
{"message":[{"msg":"Please Enter a valid Email","param":"email","location":"body"},{"msg":"User is not defined","param":"email","location":"body"}],"level":"error","timestamp":"2020-08-08T07:54:40.670Z"}
{"message":[{"msg":"Please Enter a valid Email","param":"email","location":"body"}],"level":"error","timestamp":"2020-08-08T07:55:25.771Z"}
{"message":[{"msg":"Please Enter a valid Email","param":"email","location":"body"}],"level":"error","timestamp":"2020-08-08T07:56:32.040Z"}
{"message":[{"msg":"Please Enter a valid Email","param":"email","location":"body"}],"level":"error","timestamp":"2020-08-08T08:01:42.508Z"}
{"message":[{"msg":"Please Enter a valid Email","param":"email","location":"body"}],"level":"error","timestamp":"2020-08-08T08:10:17.421Z"}
{"message":[{"msg":"Please Enter a valid Email","param":"email","location":"body"}],"level":"error","timestamp":"2020-08-08T08:11:01.528Z"}
{"message":[{"msg":"Please Enter a valid Email","param":"email","location":"body"}],"level":"error","timestamp":"2020-08-08T08:11:18.281Z"}
{"message":[{"msg":"Please Enter a valid Email","param":"email","location":"body"}],"level":"error","timestamp":"2020-08-08T08:13:07.005Z"}
{"message":[{"msg":"Please Enter a valid Email","param":"email","location":"body"}],"level":"error","timestamp":"2020-08-08T08:17:20.173Z"}
{"message":[{"msg":"Please Enter a valid Email","param":"email","location":"body"}],"level":"error","timestamp":"2020-08-08T08:46:43.778Z"}
{"message":[{"msg":"Please Enter a valid Email","param":"email","location":"body"}],"level":"error","timestamp":"2020-08-08T08:47:18.502Z"}
{"message":[{"msg":"Please Enter a valid Email","param":"email","location":"body"}],"level":"error","timestamp":"2020-08-08T08:48:35.450Z"}
{"message":[{"value":"prateek.16bcs1188@test.com","msg":"E-mail already exists, try something else.","param":"email","location":"body"}],"level":"error","timestamp":"2020-08-08T08:54:24.254Z"}
{"stringValue":"\"{}\"","kind":"string","value":{},"path":"imageUrl","reason":null,"level":"error","message":"Error in updating user data Cast to string failed for value \"{}\" at path \"imageUrl\"","stack":"CastError: Cast to string failed for value \"{}\" at path \"imageUrl\"\n    at model.Query.exec (D:\\projects\\trade talkies\\node_modules\\mongoose\\lib\\query.js:4351:21)\n    at model.Query.Query.findOneAndUpdate (D:\\projects\\trade talkies\\node_modules\\mongoose\\lib\\query.js:3020:8)\n    at Function.Model.findOneAndUpdate (D:\\projects\\trade talkies\\node_modules\\mongoose\\lib\\model.js:2466:13)\n    at exports.editProfile (D:\\projects\\trade talkies\\controllers\\users.js:191:10)\n    at processTicksAndRejections (internal/process/task_queues.js:89:5)","timestamp":"2020-08-15T08:24:36.117Z"}
{"stringValue":"\"{}\"","kind":"string","value":{},"path":"imageUrl","reason":null,"level":"error","message":"Error in updating user data Cast to string failed for value \"{}\" at path \"imageUrl\"","stack":"CastError: Cast to string failed for value \"{}\" at path \"imageUrl\"\n    at model.Query.exec (D:\\projects\\trade talkies\\node_modules\\mongoose\\lib\\query.js:4351:21)\n    at model.Query.Query.findOneAndUpdate (D:\\projects\\trade talkies\\node_modules\\mongoose\\lib\\query.js:3020:8)\n    at Function.Model.findOneAndUpdate (D:\\projects\\trade talkies\\node_modules\\mongoose\\lib\\model.js:2466:13)\n    at exports.editProfile (D:\\projects\\trade talkies\\controllers\\users.js:192:10)\n    at processTicksAndRejections (internal/process/task_queues.js:89:5)","timestamp":"2020-08-15T08:25:24.800Z"}
{"stringValue":"\"NaN\"","kind":"Number","value":null,"path":"age","reason":{"generatedMessage":true,"code":"ERR_ASSERTION","actual":false,"expected":true,"operator":"=="},"level":"error","message":"Error in updating user data Cast to Number failed for value \"NaN\" at path \"age\"","stack":"CastError: Cast to Number failed for value \"NaN\" at path \"age\"\n    at model.Query.exec (D:\\projects\\trade talkies\\node_modules\\mongoose\\lib\\query.js:4351:21)\n    at model.Query.Query.findOneAndUpdate (D:\\projects\\trade talkies\\node_modules\\mongoose\\lib\\query.js:3020:8)\n    at Function.Model.findOneAndUpdate (D:\\projects\\trade talkies\\node_modules\\mongoose\\lib\\model.js:2466:13)\n    at exports.editProfile (D:\\projects\\trade talkies\\controllers\\users.js:200:10)\n    at processTicksAndRejections (internal/process/task_queues.js:89:5)","timestamp":"2020-08-16T10:22:20.519Z"}
{"stringValue":"\"NaN\"","kind":"Number","value":null,"path":"age","reason":{"generatedMessage":true,"code":"ERR_ASSERTION","actual":false,"expected":true,"operator":"=="},"level":"error","message":"Error in updating user data Cast to Number failed for value \"NaN\" at path \"age\"","stack":"CastError: Cast to Number failed for value \"NaN\" at path \"age\"\n    at model.Query.exec (D:\\projects\\trade talkies\\node_modules\\mongoose\\lib\\query.js:4351:21)\n    at model.Query.Query.findOneAndUpdate (D:\\projects\\trade talkies\\node_modules\\mongoose\\lib\\query.js:3020:8)\n    at Function.Model.findOneAndUpdate (D:\\projects\\trade talkies\\node_modules\\mongoose\\lib\\model.js:2466:13)\n    at exports.editProfile (D:\\projects\\trade talkies\\controllers\\users.js:202:10)\n    at processTicksAndRejections (internal/process/task_queues.js:89:5)","timestamp":"2020-08-16T10:25:11.828Z"}
{"stringValue":"\"NaN\"","kind":"Number","value":null,"path":"age","reason":{"generatedMessage":true,"code":"ERR_ASSERTION","actual":false,"expected":true,"operator":"=="},"level":"error","message":"Error in updating user data Cast to Number failed for value \"NaN\" at path \"age\"","stack":"CastError: Cast to Number failed for value \"NaN\" at path \"age\"\n    at model.Query.exec (D:\\projects\\trade talkies\\node_modules\\mongoose\\lib\\query.js:4351:21)\n    at model.Query.Query.findOneAndUpdate (D:\\projects\\trade talkies\\node_modules\\mongoose\\lib\\query.js:3020:8)\n    at Function.Model.findOneAndUpdate (D:\\projects\\trade talkies\\node_modules\\mongoose\\lib\\model.js:2466:13)\n    at exports.editProfile (D:\\projects\\trade talkies\\controllers\\users.js:203:10)\n    at processTicksAndRejections (internal/process/task_queues.js:89:5)","timestamp":"2020-08-16T10:25:49.804Z"}
{"stringValue":"\"NaN\"","kind":"Number","value":null,"path":"age","reason":{"generatedMessage":true,"code":"ERR_ASSERTION","actual":false,"expected":true,"operator":"=="},"level":"error","message":"Error in updating user data Cast to Number failed for value \"NaN\" at path \"age\"","stack":"CastError: Cast to Number failed for value \"NaN\" at path \"age\"\n    at model.Query.exec (D:\\projects\\trade talkies\\node_modules\\mongoose\\lib\\query.js:4351:21)\n    at model.Query.Query.findOneAndUpdate (D:\\projects\\trade talkies\\node_modules\\mongoose\\lib\\query.js:3020:8)\n    at Function.Model.findOneAndUpdate (D:\\projects\\trade talkies\\node_modules\\mongoose\\lib\\model.js:2466:13)\n    at exports.editProfile (D:\\projects\\trade talkies\\controllers\\users.js:203:10)\n    at processTicksAndRejections (internal/process/task_queues.js:89:5)","timestamp":"2020-08-16T10:26:52.679Z"}
{"message":"Error in logging in Twitter user Error [ERR_HTTP_HEADERS_SENT]: Cannot set headers after they are sent to the client","level":"error","timestamp":"2020-08-16T13:01:28.168Z"}
{"message":"Error in logging in Linkedin user Error [ERR_HTTP_HEADERS_SENT]: Cannot set headers after they are sent to the client","level":"error","timestamp":"2020-08-16T13:03:57.451Z"}
{"message":"Error occcured while creating post: ValidationError: desc: Path `desc` is required.","level":"error","timestamp":"2020-08-26T15:05:17.711Z"}
